<?xml version="1.0" encoding="UTF-8"?>
<!-- Generated by org.testng.reporters.JUnitReportReporter -->
<testsuite hostname="LAPTOP-BOR1LR3M" name="Academy.UdemyE2E.HomePage" tests="2" failures="0" timestamp="21 Feb 2021 17:24:35 GMT" time="16.037" errors="0">
  <testcase name="basePageNavigation" time="9.676" classname="Academy.UdemyE2E.HomePage"/>
  <testcase name="basePageNavigation" time="6.361" classname="Academy.UdemyE2E.HomePage"/>
</testsuite> <!-- Academy.UdemyE2E.HomePage -->
