<?xml version="1.0" encoding="UTF-8"?>
<!-- Generated by org.testng.reporters.JUnitReportReporter -->
<testsuite hostname="LAPTOP-BOR1LR3M" name="Academy.UdemyE2E.ValidateNavigationBar" tests="1" failures="0" timestamp="21 Feb 2021 17:26:30 GMT" time="0.164" errors="0">
  <testcase name="basePageNavigation" time="0.164" classname="Academy.UdemyE2E.ValidateNavigationBar"/>
</testsuite> <!-- Academy.UdemyE2E.ValidateNavigationBar -->
