<?xml version="1.0" encoding="UTF-8"?>
<!-- Generated by org.testng.reporters.JUnitReportReporter -->
<testsuite hostname="LAPTOP-BOR1LR3M" name="Academy.UdemyE2E.HomePage" tests="2" failures="0" timestamp="21 Feb 2021 17:26:30 GMT" time="13.861" errors="0">
  <testcase name="basePageNavigation" time="4.665" classname="Academy.UdemyE2E.HomePage"/>
  <testcase name="basePageNavigation" time="9.196" classname="Academy.UdemyE2E.HomePage"/>
</testsuite> <!-- Academy.UdemyE2E.HomePage -->
